# JRE version: OpenJDK Runtime Environment (17.0.6) (build 17.0.6+0-b2043.56-9586694)
# Java VM: OpenJDK 64-Bit Server VM (17.0.6+0-b2043.56-9586694, mixed mode, tiered, compressed oops, compressed class ptrs, g1 gc, windows-amd64)
GC Precious Log:
 CPUs: 12 total, 12 available
 Memory: 16163M
 Large Page Support: Disabled
 NUMA Support: Disabled
 Compressed Oops: Enabled (32-bit)
 Heap Region Size: 1M
 Heap Min Capacity: 8M
 Heap Initial Capacity: 254M
 Heap Max Capacity: 2G
 Pre-touch: Disabled
 Parallel Workers: 10
 Concurrent Workers: 3
 Concurrent Refinement Workers: 10
 Periodic GC: Disabled
Heap:
 garbage-first heap   total 273408K, used 212012K [0x0000000080000000, 0x0000000100000000)
  region size 1024K, 30 young (30720K), 6 survivors (6144K)
 Metaspace       used 116493K, committed 117248K, reserved 1155072K
  class space    used 15546K, committed 15872K, reserved 1048576K
GC Heap History (20 events):
Event: 17.672 GC heap before
{Heap before GC invocations=39 (full 0):
 garbage-first heap   total 273408K, used 207872K [0x0000000080000000, 0x0000000100000000)
  region size 1024K, 71 young (72704K), 9 survivors (9216K)
 Metaspace       used 101256K, committed 102016K, reserved 1138688K
  class space    used 13664K, committed 14016K, reserved 1048576K
}
Event: 17.680 GC heap after
{Heap after GC invocations=40 (full 0):
 garbage-first heap   total 273408K, used 149123K [0x0000000080000000, 0x0000000100000000)
  region size 1024K, 7 young (7168K), 7 survivors (7168K)
 Metaspace       used 101256K, committed 102016K, reserved 1138688K
  class space    used 13664K, committed 14016K, reserved 1048576K
}
Event: 18.596 GC heap before
{Heap before GC invocations=40 (full 0):
 garbage-first heap   total 273408K, used 211587K [0x0000000080000000, 0x0000000100000000)
  region size 1024K, 69 young (70656K), 7 survivors (7168K)
 Metaspace       used 102561K, committed 103296K, reserved 1138688K
  class space    used 13814K, committed 14144K, reserved 1048576K
}
Event: 18.602 GC heap after
{Heap after GC invocations=41 (full 0):
 garbage-first heap   total 273408K, used 155618K [0x0000000080000000, 0x0000000100000000)
  region size 1024K, 9 young (9216K), 9 survivors (9216K)
 Metaspace       used 102561K, committed 103296K, reserved 1138688K
  class space    used 13814K, committed 14144K, reserved 1048576K
}
Event: 18.884 GC heap before
{Heap before GC invocations=41 (full 0):
 garbage-first heap   total 273408K, used 215010K [0x0000000080000000, 0x0000000100000000)
  region size 1024K, 68 young (69632K), 9 survivors (9216K)
 Metaspace       used 102737K, committed 103424K, reserved 1138688K
  class space    used 13828K, committed 14144K, reserved 1048576K
}
Event: 18.890 GC heap after
{Heap after GC invocations=42 (full 0):
 garbage-first heap   total 273408K, used 159218K [0x0000000080000000, 0x0000000100000000)
  region size 1024K, 6 young (6144K), 6 survivors (6144K)
 Metaspace       used 102737K, committed 103424K, reserved 1138688K
  class space    used 13828K, committed 14144K, reserved 1048576K
}
Event: 19.493 GC heap before
{Heap before GC invocations=42 (full 0):
 garbage-first heap   total 273408K, used 217586K [0x0000000080000000, 0x0000000100000000)
  region size 1024K, 64 young (65536K), 6 survivors (6144K)
 Metaspace       used 103449K, committed 104192K, reserved 1138688K
  class space    used 13924K, committed 14272K, reserved 1048576K
}
Event: 19.497 GC heap after
{Heap after GC invocations=43 (full 0):
 garbage-first heap   total 273408K, used 162734K [0x0000000080000000, 0x0000000100000000)
  region size 1024K, 7 young (7168K), 7 survivors (7168K)
 Metaspace       used 103449K, committed 104192K, reserved 1138688K
  class space    used 13924K, committed 14272K, reserved 1048576K
}
Event: 19.654 GC heap before
{Heap before GC invocations=43 (full 0):
 garbage-first heap   total 273408K, used 220078K [0x0000000080000000, 0x0000000100000000)
  region size 1024K, 64 young (65536K), 7 survivors (7168K)
 Metaspace       used 104178K, committed 104896K, reserved 1146880K
  class space    used 14028K, committed 14336K, reserved 1048576K
}
Event: 19.659 GC heap after
{Heap after GC invocations=44 (full 0):
 garbage-first heap   total 273408K, used 165350K [0x0000000080000000, 0x0000000100000000)
  region size 1024K, 6 young (6144K), 6 survivors (6144K)
 Metaspace       used 104178K, committed 104896K, reserved 1146880K
  class space    used 14028K, committed 14336K, reserved 1048576K
}
Event: 20.016 GC heap before
{Heap before GC invocations=44 (full 0):
 garbage-first heap   total 273408K, used 222694K [0x0000000080000000, 0x0000000100000000)
  region size 1024K, 63 young (64512K), 6 survivors (6144K)
 Metaspace       used 107108K, committed 107840K, reserved 1146880K
  class space    used 14416K, committed 14784K, reserved 1048576K
}
Event: 20.021 GC heap after
{Heap after GC invocations=45 (full 0):
 garbage-first heap   total 273408K, used 169480K [0x0000000080000000, 0x0000000100000000)
  region size 1024K, 7 young (7168K), 7 survivors (7168K)
 Metaspace       used 107108K, committed 107840K, reserved 1146880K
  class space    used 14416K, committed 14784K, reserved 1048576K
}
Event: 25.994 GC heap before
{Heap before GC invocations=45 (full 0):
 garbage-first heap   total 273408K, used 223752K [0x0000000080000000, 0x0000000100000000)
  region size 1024K, 61 young (62464K), 7 survivors (7168K)
 Metaspace       used 107950K, committed 108672K, reserved 1146880K
  class space    used 14506K, committed 14848K, reserved 1048576K
}
Event: 25.998 GC heap after
{Heap after GC invocations=46 (full 0):
 garbage-first heap   total 273408K, used 171025K [0x0000000080000000, 0x0000000100000000)
  region size 1024K, 2 young (2048K), 2 survivors (2048K)
 Metaspace       used 107950K, committed 108672K, reserved 1146880K
  class space    used 14506K, committed 14848K, reserved 1048576K
}
Event: 26.787 GC heap before
{Heap before GC invocations=46 (full 0):
 garbage-first heap   total 273408K, used 226321K [0x0000000080000000, 0x0000000100000000)
  region size 1024K, 57 young (58368K), 2 survivors (2048K)
 Metaspace       used 108242K, committed 108928K, reserved 1146880K
  class space    used 14534K, committed 14848K, reserved 1048576K
}
Event: 26.791 GC heap after
{Heap after GC invocations=47 (full 0):
 garbage-first heap   total 273408K, used 174351K [0x0000000080000000, 0x0000000100000000)
  region size 1024K, 5 young (5120K), 5 survivors (5120K)
 Metaspace       used 108242K, committed 108928K, reserved 1146880K
  class space    used 14534K, committed 14848K, reserved 1048576K
}
Event: 27.202 GC heap before
{Heap before GC invocations=47 (full 0):
 garbage-first heap   total 273408K, used 227599K [0x0000000080000000, 0x0000000100000000)
  region size 1024K, 58 young (59392K), 5 survivors (5120K)
 Metaspace       used 109450K, committed 110208K, reserved 1146880K
  class space    used 14682K, committed 15040K, reserved 1048576K
}
Event: 27.211 GC heap after
{Heap after GC invocations=48 (full 0):
 garbage-first heap   total 273408K, used 184166K [0x0000000080000000, 0x0000000100000000)
  region size 1024K, 8 young (8192K), 8 survivors (8192K)
 Metaspace       used 109450K, committed 110208K, reserved 1146880K
  class space    used 14682K, committed 15040K, reserved 1048576K
}
Event: 27.983 GC heap before
{Heap before GC invocations=48 (full 0):
 garbage-first heap   total 273408K, used 227174K [0x0000000080000000, 0x0000000100000000)
  region size 1024K, 51 young (52224K), 8 survivors (8192K)
 Metaspace       used 113488K, committed 114176K, reserved 1155072K
  class space    used 15248K, committed 15552K, reserved 1048576K
}
Event: 27.989 GC heap after
{Heap after GC invocations=49 (full 0):
 garbage-first heap   total 273408K, used 189484K [0x0000000080000000, 0x0000000100000000)
  region size 1024K, 6 young (6144K), 6 survivors (6144K)
 Metaspace       used 113488K, committed 114176K, reserved 1155072K
  class space    used 15248K, committed 15552K, reserved 1048576K
}

